<?xml version="1.0" encoding="UTF-8"?>
<!-- Generated by org.testng.reporters.JUnitReportReporter -->
<testsuite skipped="0" hostname="Notebook-PC" name="driverFactory.AppTest" tests="1" failures="0" timestamp="26 Sep 2019 11:22:00 GMT" time="20.936" errors="0">
  <testcase name="kickStart" time="20.936" classname="driverFactory.AppTest"/>
</testsuite> <!-- driverFactory.AppTest -->
